<?xml version="1.0" encoding="UTF-8"?>
<testsuite name="org.springframework.context.config.ContextNamespaceHandlerTests" tests="9" skipped="0" failures="0" errors="0" timestamp="2019-12-09T02:20:39" hostname="DESKTOP-246NTI5" time="0.228">
  <properties/>
  <testcase name="propertyPlaceholderLocationWithSystemPropertyForMultipleLocations()" classname="org.springframework.context.config.ContextNamespaceHandlerTests" time="0.048"/>
  <testcase name="propertyPlaceholderLocationWithSystemPropertyMissing()" classname="org.springframework.context.config.ContextNamespaceHandlerTests" time="0.016"/>
  <testcase name="propertyPlaceholderLocation()" classname="org.springframework.context.config.ContextNamespaceHandlerTests" time="0.033"/>
  <testcase name="propertyPlaceholderLocationWithSystemPropertyForOneLocation()" classname="org.springframework.context.config.ContextNamespaceHandlerTests" time="0.027"/>
  <testcase name="propertyPlaceholderIgnored()" classname="org.springframework.context.config.ContextNamespaceHandlerTests" time="0.029"/>
  <testcase name="propertyOverride()" classname="org.springframework.context.config.ContextNamespaceHandlerTests" time="0.025"/>
  <testcase name="propertyPlaceholderEnvironmentProperties()" classname="org.springframework.context.config.ContextNamespaceHandlerTests" time="0.018"/>
  <testcase name="propertyPlaceholderSystemProperties()" classname="org.springframework.context.config.ContextNamespaceHandlerTests" time="0.015"/>
  <testcase name="propertyPlaceholder()" classname="org.springframework.context.config.ContextNamespaceHandlerTests" time="0.016"/>
  <system-out><![CDATA[10:20:39.203 [Test worker] WARN  o.s.c.s.ClassPathXmlApplicationContext - Exception encountered during context initialization - cancelling refresh attempt: org.springframework.beans.factory.BeanDefinitionStoreException: Invalid bean definition with name 'foo' defined in class path resource [org/springframework/context/config/contextNamespaceHandlerTests-location-placeholder.xml]: Could not resolve placeholder 'foo' in value "${foo}"; nested exception is java.lang.IllegalArgumentException: Could not resolve placeholder 'foo' in value "${foo}"
]]></system-out>
  <system-err><![CDATA[]]></system-err>
</testsuite>
